<?xml version="1.0" encoding="UTF-8"?>
<!-- Generated by org.testng.reporters.JUnitReportReporter -->
<testsuite skipped="0" hostname="DESKTOP-127BSDV" name="setting.CountrySetting" tests="1" failures="0" timestamp="16 Apr 2020 13:39:04 GMT" time="59.955" errors="0">
  <testcase name="changeCountryName" time="59.955" classname="setting.CountrySetting"/>
</testsuite> <!-- setting.CountrySetting -->
