<?xml version="1.0" encoding="UTF-8"?>
<!-- Generated by org.testng.reporters.JUnitReportReporter -->
<testsuite skipped="0" hostname="DESKTOP-127BSDV" name="setting.CountrySetting" tests="1" failures="0" timestamp="16 Apr 2020 23:02:58 GMT" time="180.660" errors="0">
  <testcase name="changeCountryName" time="180.660" classname="setting.CountrySetting"/>
</testsuite> <!-- setting.CountrySetting -->
