<?xml version="1.0" encoding="UTF-8"?>
<!-- Generated by org.testng.reporters.JUnitReportReporter -->
<testsuite skipped="0" hostname="DESKTOP-127BSDV" name="setting.CountrySetting" tests="1" failures="0" timestamp="2020-04-17T11:10:45 IST" time="187.634" errors="0">
  <testcase name="changeCountryName" time="187.634" classname="setting.CountrySetting"/>
  <system-out/>
</testsuite> <!-- setting.CountrySetting -->
